Arguments: 
  C:\Program Files\nodejs\node.exe C:\Program Files (x86)\Yarn\bin\yarn.js run start

PATH: 
  D:\Work\Study\React SSR\demo\node_modules\.bin;C:\Python27\;C:\Python27\Scripts;C:\WINDOWS\system32;C:\WINDOWS;C:\WINDOWS\System32\Wbem;C:\WINDOWS\System32\WindowsPowerShell\v1.0\;C:\Program Files\TortoiseSVN\bin;C:\Program Files\Git\cmd;C:\Program Files\Microsoft VS Code\bin;C:\Users\admin\AppData\Roaming\nvm;C:\Program Files\nodejs;C:\WINDOWS\System32\OpenSSH\;C:\Program Files\Java\jdk1.8.0_121\bin;C:\Program Files\Java\jdk1.8.0_121\jre\bin;D:\software\MongoDB\bin;D:\software\mysql-5.6.43-winx64\bin;C:\Program Files\TortoiseGit\bin;C:\ProgramData\chocolatey\bin;C:\Program Files (x86)\Yarn\bin\;C:\Python27\;C:\Python27\Scripts;C:\WINDOWS\system32;C:\WINDOWS;C:\WINDOWS\System32\Wbem;C:\WINDOWS\System32\WindowsPowerShell\v1.0\;C:\Program Files\TortoiseSVN\bin;C:\Program Files\Git\cmd;C:\Program Files\Microsoft VS Code\bin;C:\Users\admin\AppData\Roaming\nvm;C:\Program Files\nodejs;C:\WINDOWS\System32\OpenSSH\;C:\Program Files\Java\jdk1.8.0_121\bin;C:\Program Files\Java\jdk1.8.0_121\jre\bin;D:\software\MongoDB\bin;D:\software\mysql-5.6.43-winx64\bin;C:\Program Files\TortoiseGit\bin;C:\ProgramData\chocolatey\bin;C:\Program Files (x86)\Yarn\bin\;C:\Program Files (x86)\Windows Kits\8.1\Windows Performance Toolkit\;C:\Ruby23-x64\bin;C:\Users\admin\AppData\Local\Microsoft\WindowsApps;"C:\Program Files\Java\jdk1.8.0_121\bin;";C:\Users\admin\AppData\Local\Turbo\Cmd\;C:\Users\admin\AppData\Local\Yarn\bin;C:\Program Files\JetBrains\WebStorm 2019.1.3\bin;

Yarn version: 
  1.19.1

Node version: 
  10.16.1

Platform: 
  win32 x64

Trace: 
  SyntaxError: D:\Work\Study\React SSR\demo\demo4-router\package.json: Unexpected token } in JSON at position 861
      at JSON.parse (<anonymous>)
      at C:\Program Files (x86)\Yarn\lib\cli.js:1625:59
      at Generator.next (<anonymous>)
      at step (C:\Program Files (x86)\Yarn\lib\cli.js:304:30)
      at C:\Program Files (x86)\Yarn\lib\cli.js:315:13

npm manifest: 
  {
    "name": "my-react-ssr",
    "version": "1.0.0",
    "description": "",
    "main": "app.js",
    "scripts": {
      "start": "concurrently \"webpack --config webpack.client.config.js --watch\" \"webpack --config webpack.server.config.js --watch\" \"nodemon ./dist/server/app.js\""
    },
    "author": "",
    "license": "ISC",
    "dependencies": {
      "@babel/cli": "^7.7.4",
      "@babel/core": "^7.7.4",
      "@babel/plugin-proposal-class-properties": "^7.7.4",
      "@babel/preset-env": "^7.7.4",
      "@babel/preset-react": "^7.7.4",
      "babel-loader": "^8.0.6",
      "koa2": "^2.0.0-alpha.7",
      "react": "^16.8.6",
      "react-dom": "^16.8.6",
      "react-router": "^5.0.1",
      "react-router-config": "^5.0.1",
      "react-router-dom": "^5.0.1",
      "webpack": "^4.41.2",
      "webpack-cli": "^3.3.10",
      "webpack-node-externals": "^1.7.2",
      "koa-static": "^5.0.0",
    }
  }

yarn manifest: 
  No manifest

Lockfile: 
  No lockfile
